<?xml version="1.0" encoding="UTF-8"?>
<!-- Generated by org.testng.reporters.JUnitXMLReporter -->
<testsuite hostname="BDC6-DX-6B5FNK2" ignored="1" name="Default test" tests="3" failures="0" timestamp="23 Sep 2019 08:54:51 GMT" time="50.658" errors="0">
  <testcase name="testLogin" time="2.053" classname="package1.OnlineShoppingTest"/>
  <testcase name="testCart" time="16.655" classname="package1.OnlineShoppingTest"/>
  <testcase name="testPayment" time="26.432" classname="package1.OnlineShoppingTest"/>
  <testcase name="testRegistration" time="0.0" classname="package1.OnlineShoppingTest">
    <ignored/>
  </testcase> <!-- testRegistration -->
</testsuite> <!-- Default test -->
