<?xml version="1.0" encoding="UTF-8"?>
<testng-results skipped="0" failed="0" ignored="1" total="4" passed="3">
  <reporter-output>
  </reporter-output>
  <suite name="Default suite" duration-ms="50658" started-at="2019-09-23T08:54:00Z" finished-at="2019-09-23T08:54:51Z">
    <groups>
    </groups>
    <test name="Default test" duration-ms="50658" started-at="2019-09-23T08:54:00Z" finished-at="2019-09-23T08:54:51Z">
      <class name="package1.OnlineShoppingTest">
        <test-method status="PASS" signature="startReportBeforeTest()[pri:0, instance:package1.OnlineShoppingTest@290222c1]" name="startReportBeforeTest" is-config="true" duration-ms="2179" started-at="2019-09-23T08:54:00Z" finished-at="2019-09-23T08:54:03Z">
          <reporter-output>
          </reporter-output>
        </test-method> <!-- startReportBeforeTest -->
        <test-method status="PASS" signature="testLogin()[pri:2, instance:package1.OnlineShoppingTest@290222c1]" name="testLogin" duration-ms="2053" started-at="2019-09-23T08:54:03Z" finished-at="2019-09-23T08:54:05Z">
          <reporter-output>
          </reporter-output>
        </test-method> <!-- testLogin -->
        <test-method status="PASS" signature="getResultAfterMethod(org.testng.ITestResult)[pri:0, instance:package1.OnlineShoppingTest@290222c1]" name="getResultAfterMethod" is-config="true" duration-ms="1071" started-at="2019-09-23T08:54:05Z" finished-at="2019-09-23T08:54:06Z">
          <params>
            <param index="0">
              <value>
                <![CDATA[[TestResult name=testLogin status=SUCCESS method=OnlineShoppingTest.testLogin()[pri:2, instance:package1.OnlineShoppingTest@290222c1] output={null}]]]>
              </value>
            </param>
          </params>
          <reporter-output>
          </reporter-output>
        </test-method> <!-- getResultAfterMethod -->
        <test-method status="PASS" signature="testCart()[pri:3, instance:package1.OnlineShoppingTest@290222c1]" name="testCart" duration-ms="16655" started-at="2019-09-23T08:54:06Z" finished-at="2019-09-23T08:54:22Z">
          <reporter-output>
          </reporter-output>
        </test-method> <!-- testCart -->
        <test-method status="PASS" signature="getResultAfterMethod(org.testng.ITestResult)[pri:0, instance:package1.OnlineShoppingTest@290222c1]" name="getResultAfterMethod" is-config="true" duration-ms="1498" started-at="2019-09-23T08:54:22Z" finished-at="2019-09-23T08:54:24Z">
          <params>
            <param index="0">
              <value>
                <![CDATA[[TestResult name=testCart status=SUCCESS method=OnlineShoppingTest.testCart()[pri:3, instance:package1.OnlineShoppingTest@290222c1] output={null}]]]>
              </value>
            </param>
          </params>
          <reporter-output>
          </reporter-output>
        </test-method> <!-- getResultAfterMethod -->
        <test-method status="PASS" signature="testPayment()[pri:4, instance:package1.OnlineShoppingTest@290222c1]" name="testPayment" duration-ms="26432" started-at="2019-09-23T08:54:24Z" finished-at="2019-09-23T08:54:50Z">
          <reporter-output>
          </reporter-output>
        </test-method> <!-- testPayment -->
        <test-method status="PASS" signature="getResultAfterMethod(org.testng.ITestResult)[pri:0, instance:package1.OnlineShoppingTest@290222c1]" name="getResultAfterMethod" is-config="true" duration-ms="344" started-at="2019-09-23T08:54:50Z" finished-at="2019-09-23T08:54:51Z">
          <params>
            <param index="0">
              <value>
                <![CDATA[[TestResult name=testPayment status=SUCCESS method=OnlineShoppingTest.testPayment()[pri:4, instance:package1.OnlineShoppingTest@290222c1] output={null}]]]>
              </value>
            </param>
          </params>
          <reporter-output>
          </reporter-output>
        </test-method> <!-- getResultAfterMethod -->
        <test-method status="PASS" signature="endReportAfterTest()[pri:0, instance:package1.OnlineShoppingTest@290222c1]" name="endReportAfterTest" is-config="true" duration-ms="382" started-at="2019-09-23T08:54:51Z" finished-at="2019-09-23T08:54:51Z">
          <reporter-output>
          </reporter-output>
        </test-method> <!-- endReportAfterTest -->
      </class> <!-- package1.OnlineShoppingTest -->
    </test> <!-- Default test -->
  </suite> <!-- Default suite -->
</testng-results>
